<?xml version="1.0" encoding="UTF-8"?>
<testsuite xmlns:xsi="http://www.w3.org/2001/XMLSchema-instance" xsi:noNamespaceSchemaLocation="https://maven.apache.org/surefire/maven-surefire-plugin/xsd/surefire-test-report-3.0.xsd" version="3.0" name="com.uady.sicei.SiceiApplicationTests" time="12.478" tests="1" errors="0" skipped="0" failures="0">
  <properties>
[...]
</properties>
  <testcase name="contextLoads" classname="com.uady.sicei.SiceiApplicationTests" time="0.739">
    <system-out><![CDATA[20:46:35.438 [main] INFO org.springframework.test.context.support.AnnotationConfigContextLoaderUtils -- Could not detect default configuration classes for test class [com.uady.sicei.SiceiApplicationTests]: SiceiApplicationTests does not declare any static, non-private, non-final, nested classes annotated with @Configuration.
20:46:35.631 [main] INFO org.springframework.boot.test.context.SpringBootTestContextBootstrapper -- Found @SpringBootConfiguration com.uady.sicei.SiceiApplication for test class com.uady.sicei.SiceiApplicationTests

  .   ____          _            __ _ _
 /\\ / ___'_ __ _ _(_)_ __  __ _ \ \ \ \
( ( )\___ | '_ | '_| | '_ \/ _` | \ \ \ \
 \\/  ___)| |_)| | | | | || (_| |  ) ) ) )
  '  |____| .__|_| |_|_| |_\__, | / / / /
 =========|_|==============|___/=/_/_/_/
 :: Spring Boot ::                (v3.1.5)

2023-12-12T20:46:36.374-06:00  INFO 13004 --- [           main] com.uady.sicei.SiceiApplicationTests     : Starting SiceiApplicationTests using Java 17.0.9 with PID 13004 (started by jahir in D:\00UNIVERSIDAD\Semestre VII\Materias optativas (9)\AWS academy (9)\Proyecto\Segunda entrega\uady-sicei-aws-project)
2023-12-12T20:46:36.377-06:00  INFO 13004 --- [           main] com.uady.sicei.SiceiApplicationTests     : No active profile set, falling back to 1 default profile: "default"
2023-12-12T20:46:38.157-06:00  INFO 13004 --- [           main] .s.d.r.c.RepositoryConfigurationDelegate : Bootstrapping Spring Data JPA repositories in DEFAULT mode.
2023-12-12T20:46:38.339-06:00  INFO 13004 --- [           main] .s.d.r.c.RepositoryConfigurationDelegate : Finished Spring Data repository scanning in 156 ms. Found 2 JPA repository interfaces.
2023-12-12T20:46:39.175-06:00  INFO 13004 --- [           main] o.hibernate.jpa.internal.util.LogHelper  : HHH000204: Processing PersistenceUnitInfo [name: default]
2023-12-12T20:46:39.278-06:00  INFO 13004 --- [           main] org.hibernate.Version                    : HHH000412: Hibernate ORM core version 6.2.13.Final
2023-12-12T20:46:39.282-06:00  INFO 13004 --- [           main] org.hibernate.cfg.Environment            : HHH000406: Using bytecode reflection optimizer
2023-12-12T20:46:39.862-06:00  INFO 13004 --- [           main] o.s.o.j.p.SpringPersistenceUnitInfo      : No LoadTimeWeaver setup: ignoring JPA class transformer
2023-12-12T20:46:39.908-06:00  INFO 13004 --- [           main] com.zaxxer.hikari.HikariDataSource       : HikariPool-1 - Starting...
2023-12-12T20:46:41.556-06:00  INFO 13004 --- [           main] com.zaxxer.hikari.pool.HikariPool        : HikariPool-1 - Added connection com.mysql.cj.jdbc.ConnectionImpl@1b791dca
2023-12-12T20:46:41.569-06:00  INFO 13004 --- [           main] com.zaxxer.hikari.HikariDataSource       : HikariPool-1 - Start completed.
2023-12-12T20:46:41.738-06:00  WARN 13004 --- [           main] org.hibernate.orm.deprecation            : HHH90000025: MySQL8Dialect does not need to be specified explicitly using 'hibernate.dialect' (remove the property setting and it will be selected by default)
2023-12-12T20:46:41.740-06:00  WARN 13004 --- [           main] org.hibernate.orm.deprecation            : HHH90000026: MySQL8Dialect has been deprecated; use org.hibernate.dialect.MySQLDialect instead
2023-12-12T20:46:43.149-06:00  INFO 13004 --- [           main] o.h.e.t.j.p.i.JtaPlatformInitiator       : HHH000489: No JTA platform available (set 'hibernate.transaction.jta.platform' to enable JTA platform integration)
2023-12-12T20:46:43.578-06:00  INFO 13004 --- [           main] j.LocalContainerEntityManagerFactoryBean : Initialized JPA EntityManagerFactory for persistence unit 'default'
2023-12-12T20:46:46.335-06:00  WARN 13004 --- [           main] JpaBaseConfiguration$JpaWebConfiguration : spring.jpa.open-in-view is enabled by default. Therefore, database queries may be performed during view rendering. Explicitly configure spring.jpa.open-in-view to disable this warning
2023-12-12T20:46:46.872-06:00  INFO 13004 --- [           main] com.uady.sicei.SiceiApplicationTests     : Started SiceiApplicationTests in 10.998 seconds (process running for 12.562)
]]></system-out>
  </testcase>
</testsuite>